{"C:\\Users\\nasha\\Desktop\\test_project\\src\\functions\\add.js": {"path":"C:\\Users\\nasha\\Desktop\\test_project\\src\\functions\\add.js","statementMap":{"0":{"start":{"line":2,"column":4},"end":{"line":2,"column":16}},"1":{"start":{"line":5,"column":0},"end":{"line":5,"column":21}}},"fnMap":{"0":{"name":"add","decl":{"start":{"line":1,"column":9},"end":{"line":1,"column":12}},"loc":{"start":{"line":1,"column":18},"end":{"line":3,"column":1}},"line":1}},"branchMap":{},"s":{"0":3,"1":1},"f":{"0":3},"b":{},"_coverageSchema":"1a1c01bbd47fc00a2c39e90264f33305004495a9","hash":"2d9fcf2593da90871aaffa4982b05a52e4150983"}
,"C:\\Users\\nasha\\Desktop\\test_project\\src\\functions\\getUser.js": {"path":"C:\\Users\\nasha\\Desktop\\test_project\\src\\functions\\getUser.js","statementMap":{"0":{"start":{"line":3,"column":4},"end":{"line":3,"column":34}},"1":{"start":{"line":6,"column":0},"end":{"line":6,"column":38}}},"fnMap":{"0":{"name":"getUserFromDatabase","decl":{"start":{"line":1,"column":9},"end":{"line":1,"column":28}},"loc":{"start":{"line":1,"column":33},"end":{"line":4,"column":1}},"line":1}},"branchMap":{},"s":{"0":1,"1":1},"f":{"0":1},"b":{},"_coverageSchema":"1a1c01bbd47fc00a2c39e90264f33305004495a9","hash":"a5472d6224f66b3249d1e05c2191aaf02ca0a518"}
}
