TN:
SF:src\functions\add.js
FN:1,add
FNF:1
FNH:1
FNDA:3,add
DA:2,3
DA:5,1
LF:2
LH:2
BRF:0
BRH:0
end_of_record
TN:
SF:src\functions\fetchData.js
FN:2,fetchData
FNF:1
FNH:1
FNDA:2,fetchData
DA:3,2
DA:4,2
DA:6,2
DA:7,1
DA:9,1
DA:10,1
DA:12,1
DA:16,1
LF:8
LH:8
BRDA:6,0,0,1
BRDA:6,0,1,1
BRF:2
BRH:2
end_of_record
TN:
SF:src\functions\getUser.js
FN:1,getUserFromDatabase
FNF:1
FNH:1
FNDA:1,getUserFromDatabase
DA:3,1
DA:6,1
LF:2
LH:2
BRF:0
BRH:0
end_of_record
TN:
SF:src\functions\userUtils.js
FN:2,getUserFullName
FN:9,calculateAge
FN:31,getUserInitials
FNF:3
FNH:2
FNDA:1,getUserFullName
FNDA:2,calculateAge
FNDA:0,getUserInitials
DA:3,1
DA:4,0
DA:6,1
DA:11,2
DA:17,1
DA:20,1
DA:23,1
DA:24,0
DA:26,1
DA:32,0
DA:33,0
DA:35,0
DA:38,1
LF:13
LH:8
BRDA:3,0,0,0
BRDA:3,0,1,1
BRDA:3,1,0,1
BRDA:3,1,1,1
BRDA:6,2,0,1
BRDA:6,2,1,1
BRDA:11,3,0,1
BRDA:11,3,1,1
BRDA:12,4,0,2
BRDA:12,4,1,2
BRDA:12,4,2,2
BRDA:12,4,3,1
BRDA:23,5,0,0
BRDA:23,5,1,1
BRDA:23,6,0,1
BRDA:23,6,1,1
BRDA:32,7,0,0
BRDA:32,7,1,0
BRDA:32,8,0,0
BRDA:32,8,1,0
BRDA:32,8,2,0
BRF:21
BRH:14
end_of_record
