TN:
SF:src\functions\add.js
FN:1,add
FNF:1
FNH:1
FNDA:3,add
DA:2,3
DA:5,1
LF:2
LH:2
BRF:0
BRH:0
end_of_record
TN:
SF:src\functions\getUser.js
FN:1,getUserFromDatabase
FNF:1
FNH:1
FNDA:1,getUserFromDatabase
DA:3,1
DA:6,1
LF:2
LH:2
BRF:0
BRH:0
end_of_record
TN:
SF:src\functions\userUtils.js
FN:2,getUserFullName
FN:9,calculateAge
FN:25,getUserInitials
FNF:3
FNH:2
FNDA:2,getUserFullName
FNDA:1,calculateAge
FNDA:0,getUserInitials
DA:3,2
DA:4,1
DA:6,1
DA:10,1
DA:11,0
DA:14,1
DA:17,1
DA:18,0
DA:20,1
DA:26,0
DA:27,0
DA:29,0
DA:32,1
LF:13
LH:8
BRDA:3,0,0,1
BRDA:3,0,1,1
BRDA:3,1,0,2
BRDA:3,1,1,2
BRDA:3,1,2,2
BRDA:10,2,0,0
BRDA:10,2,1,1
BRDA:10,3,0,1
BRDA:10,3,1,1
BRDA:17,4,0,0
BRDA:17,4,1,1
BRDA:17,5,0,1
BRDA:17,5,1,0
BRDA:26,6,0,0
BRDA:26,6,1,0
BRDA:26,7,0,0
BRDA:26,7,1,0
BRDA:26,7,2,0
BRF:18
BRH:10
end_of_record
